<?xml version="1.0" encoding="UTF-8"?>
<!-- Generated by org.testng.reporters.JUnitReportReporter -->
<testsuite skipped="0" hostname="SL-SUMO-00133" name="Acaddemy.E2EProject.Homepage" tests="2" failures="0" timestamp="08 Feb 2021 17:19:09 GMT" time="1.445" errors="0">
  <testcase name="baseUril" time="0.762" classname="Acaddemy.E2EProject.Homepage"/>
  <testcase name="baseUril" time="0.683" classname="Acaddemy.E2EProject.Homepage"/>
</testsuite> <!-- Acaddemy.E2EProject.Homepage -->
