<?xml version="1.0" encoding="UTF-8"?>
<!-- Generated by org.testng.reporters.JUnitReportReporter -->
<testsuite skipped="0" hostname="SL-SUMO-00133" name="Acaddemy.E2EProject.validaTile" tests="1" failures="0" timestamp="08 Feb 2021 17:19:09 GMT" time="0.150" errors="0">
  <testcase name="baseUril" time="0.150" classname="Acaddemy.E2EProject.validaTile"/>
</testsuite> <!-- Acaddemy.E2EProject.validaTile -->
